Connecting to database specified by database.yml
Connecting to database specified by database.yml
Connecting to database specified by database.yml
  [1m[36m (27.1ms)[0m  [1mCREATE TABLE `schema_migrations` (`version` varchar(255) NOT NULL) ENGINE=InnoDB[0m
  [1m[35m (12.3ms)[0m  CREATE UNIQUE INDEX `unique_schema_migrations` ON `schema_migrations` (`version`)
  [1m[36m (2.5ms)[0m  [1mSELECT `schema_migrations`.`version` FROM `schema_migrations` [0m
Migrating to DeviseCreateAdminUsers (20130227163136)
  [1m[35m (10.8ms)[0m  CREATE TABLE `admin_users` (`id` int(11) DEFAULT NULL auto_increment PRIMARY KEY, `email` varchar(255) DEFAULT '' NOT NULL, `encrypted_password` varchar(255) DEFAULT '' NOT NULL, `reset_password_token` varchar(255), `reset_password_sent_at` datetime, `remember_created_at` datetime, `sign_in_count` int(11) DEFAULT 0, `current_sign_in_at` datetime, `last_sign_in_at` datetime, `current_sign_in_ip` varchar(255), `last_sign_in_ip` varchar(255), `created_at` datetime NOT NULL, `updated_at` datetime NOT NULL) ENGINE=InnoDB
  [1m[36m (9.2ms)[0m  [1mCREATE UNIQUE INDEX `index_admin_users_on_email` ON `admin_users` (`email`)[0m
  [1m[35m (11.8ms)[0m  CREATE UNIQUE INDEX `index_admin_users_on_reset_password_token` ON `admin_users` (`reset_password_token`)
  [1m[36m (0.1ms)[0m  [1mBEGIN[0m
  [1m[35mAdminUser Exists (0.4ms)[0m  SELECT 1 AS one FROM `admin_users` WHERE `admin_users`.`email` = BINARY 'admin@example.com' LIMIT 1
  [1m[36mSQL (0.3ms)[0m  [1mINSERT INTO `admin_users` (`created_at`, `current_sign_in_at`, `current_sign_in_ip`, `email`, `encrypted_password`, `last_sign_in_at`, `last_sign_in_ip`, `remember_created_at`, `reset_password_sent_at`, `reset_password_token`, `sign_in_count`, `updated_at`) VALUES ('2013-07-31 17:01:25', NULL, NULL, 'admin@example.com', '$2a$10$uq9Xdc4xwZdwy8b9idZh2OuIjOMzoDWtUeG0JfGqN/ju50n4o1fAe', NULL, NULL, NULL, NULL, NULL, 0, '2013-07-31 17:01:25')[0m
  [1m[35m (0.3ms)[0m  COMMIT
  [1m[36m (0.4ms)[0m  [1mINSERT INTO `schema_migrations` (`version`) VALUES ('20130227163136')[0m
Migrating to CreateAdminNotes (20130227163149)
  [1m[35m (18.2ms)[0m  CREATE TABLE `admin_notes` (`id` int(11) DEFAULT NULL auto_increment PRIMARY KEY, `resource_id` varchar(255) NOT NULL, `resource_type` varchar(255) NOT NULL, `admin_user_id` int(11), `admin_user_type` varchar(255), `body` text, `created_at` datetime NOT NULL, `updated_at` datetime NOT NULL) ENGINE=InnoDB
  [1m[36m (10.1ms)[0m  [1mCREATE INDEX `index_admin_notes_on_resource_type_and_resource_id` ON `admin_notes` (`resource_type`, `resource_id`)[0m
  [1m[35m (25.4ms)[0m  CREATE INDEX `index_admin_notes_on_admin_user_type_and_admin_user_id` ON `admin_notes` (`admin_user_type`, `admin_user_id`)
  [1m[36m (0.5ms)[0m  [1mINSERT INTO `schema_migrations` (`version`) VALUES ('20130227163149')[0m
Migrating to MoveAdminNotesToComments (20130227163150)
  [1m[35m (8.8ms)[0m  DROP INDEX `index_admin_notes_on_admin_user_type_and_admin_user_id` ON `admin_notes`
  [1m[36m (1.8ms)[0m  [1mRENAME TABLE `admin_notes` TO `active_admin_comments`[0m
  [1m[35m (0.7ms)[0m  SHOW COLUMNS FROM `active_admin_comments` LIKE 'admin_user_type'
  [1m[36m (14.1ms)[0m  [1mALTER TABLE `active_admin_comments` CHANGE `admin_user_type` `author_type` varchar(255) DEFAULT NULL[0m
  [1m[35m (0.7ms)[0m  SHOW COLUMNS FROM `active_admin_comments` LIKE 'admin_user_id'
  [1m[36m (4.8ms)[0m  [1mALTER TABLE `active_admin_comments` CHANGE `admin_user_id` `author_id` int(11) DEFAULT NULL[0m
  [1m[35m (20.7ms)[0m  ALTER TABLE `active_admin_comments` ADD `namespace` varchar(255)
  [1m[36m (29.1ms)[0m  [1mCREATE INDEX `index_active_admin_comments_on_namespace` ON `active_admin_comments` (`namespace`)[0m
  [1m[35m (18.1ms)[0m  CREATE INDEX `index_active_admin_comments_on_author_type_and_author_id` ON `active_admin_comments` (`author_type`, `author_id`)
  [1m[36m (0.2ms)[0m  [1mUPDATE active_admin_comments SET namespace='admin'[0m
  [1m[35m (0.3ms)[0m  INSERT INTO `schema_migrations` (`version`) VALUES ('20130227163150')
Migrating to CreateWorks (20130228161331)
  [1m[36m (13.4ms)[0m  [1mCREATE TABLE `works` (`id` int(11) DEFAULT NULL auto_increment PRIMARY KEY, `name` text NOT NULL, `type` text, `detail` text, `created_at` datetime NOT NULL, `updated_at` datetime NOT NULL) ENGINE=InnoDB[0m
  [1m[35m (0.5ms)[0m  INSERT INTO `schema_migrations` (`version`) VALUES ('20130228161331')
Migrating to AddCategoryWorks (20130301143747)
  [1m[36m (0.9ms)[0m  [1mSHOW COLUMNS FROM `works` LIKE 'type'[0m
  [1m[35m (12.8ms)[0m  ALTER TABLE `works` CHANGE `type` `category` text DEFAULT NULL
  [1m[36m (0.7ms)[0m  [1mINSERT INTO `schema_migrations` (`version`) VALUES ('20130301143747')[0m
Migrating to ChangeColumnType (20130301152146)
  [1m[35m (215.5ms)[0m  ALTER TABLE `works` CHANGE `name` `name` varchar(255) DEFAULT '' NOT NULL
  [1m[36m (38.1ms)[0m  [1mALTER TABLE `works` CHANGE `category` `category` varchar(255) DEFAULT NULL[0m
  [1m[35m (0.4ms)[0m  INSERT INTO `schema_migrations` (`version`) VALUES ('20130301152146')
Migrating to CreateImages (20130301154121)
Connecting to database specified by database.yml
  [1m[36m (6.8ms)[0m  [1mSELECT `schema_migrations`.`version` FROM `schema_migrations` [0m
Migrating to DeviseCreateAdminUsers (20130227163136)
Migrating to CreateAdminNotes (20130227163149)
Migrating to MoveAdminNotesToComments (20130227163150)
Migrating to CreateWorks (20130228161331)
Migrating to AddCategoryWorks (20130301143747)
Migrating to ChangeColumnType (20130301152146)
Migrating to CreateImages (20130301154121)
Connecting to database specified by database.yml
  [1m[36m (2.5ms)[0m  [1mSELECT `schema_migrations`.`version` FROM `schema_migrations` [0m
Migrating to DeviseCreateAdminUsers (20130227163136)
Migrating to CreateAdminNotes (20130227163149)
Migrating to MoveAdminNotesToComments (20130227163150)
Migrating to CreateWorks (20130228161331)
Migrating to AddCategoryWorks (20130301143747)
Migrating to ChangeColumnType (20130301152146)
Migrating to CreateImages (20130301154121)
Connecting to database specified by database.yml
  [1m[36m (3.4ms)[0m  [1mSELECT `schema_migrations`.`version` FROM `schema_migrations` [0m
Migrating to DeviseCreateAdminUsers (20130227163136)
Migrating to CreateAdminNotes (20130227163149)
Migrating to MoveAdminNotesToComments (20130227163150)
Migrating to CreateWorks (20130228161331)
Migrating to AddCategoryWorks (20130301143747)
Migrating to ChangeColumnType (20130301152146)
Migrating to CreateImages (20130301154121)
Connecting to database specified by database.yml
  [1m[36m (2.2ms)[0m  [1mSELECT `schema_migrations`.`version` FROM `schema_migrations` [0m
Migrating to DeviseCreateAdminUsers (20130227163136)
Migrating to CreateAdminNotes (20130227163149)
Migrating to MoveAdminNotesToComments (20130227163150)
Migrating to CreateWorks (20130228161331)
Migrating to AddCategoryWorks (20130301143747)
Migrating to ChangeColumnType (20130301152146)
Migrating to CreateImages (20130301154121)
  [1m[35m (33.4ms)[0m  CREATE TABLE `images` (`id` int(11) DEFAULT NULL auto_increment PRIMARY KEY, `works_id` int(11), `file_file_name` varchar(255), `file_content_type` varchar(255), `file_file_size` int(11), `file_updated_at` datetime, `created_at` datetime NOT NULL, `updated_at` datetime NOT NULL) ENGINE=InnoDB
  [1m[36m (1.0ms)[0m  [1mINSERT INTO `schema_migrations` (`version`) VALUES ('20130301154121')[0m
Migrating to ChangeOrderType (20130313143649)
Connecting to database specified by database.yml
  [1m[36m (6.9ms)[0m  [1mSELECT `schema_migrations`.`version` FROM `schema_migrations` [0m
Migrating to DeviseCreateAdminUsers (20130227163136)
Migrating to CreateAdminNotes (20130227163149)
Migrating to MoveAdminNotesToComments (20130227163150)
Migrating to CreateWorks (20130228161331)
Migrating to AddCategoryWorks (20130301143747)
Migrating to ChangeColumnType (20130301152146)
Migrating to CreateImages (20130301154121)
Migrating to ChangeOrderType (20130313143649)
Connecting to database specified by database.yml
  [1m[36m (2.4ms)[0m  [1mSELECT `schema_migrations`.`version` FROM `schema_migrations` [0m
Migrating to DeviseCreateAdminUsers (20130227163136)
Migrating to CreateAdminNotes (20130227163149)
Migrating to MoveAdminNotesToComments (20130227163150)
Migrating to CreateWorks (20130228161331)
Migrating to AddCategoryWorks (20130301143747)
Migrating to ChangeColumnType (20130301152146)
Migrating to CreateImages (20130301154121)
Migrating to ChangeOrderType (20130313143649)
  [1m[35m (32.5ms)[0m  ALTER TABLE `works` ADD `order` int(11)
  [1m[36m (2.0ms)[0m  [1mINSERT INTO `schema_migrations` (`version`) VALUES ('20130313143649')[0m
Migrating to ChangeNameOrderColumn (20130313145550)
  [1m[35m (1.0ms)[0m  SHOW COLUMNS FROM `works` LIKE 'order'
  [1m[36m (9.7ms)[0m  [1mALTER TABLE `works` CHANGE `order` `order_work_by` int(11) DEFAULT NULL[0m
  [1m[35m (1.2ms)[0m  INSERT INTO `schema_migrations` (`version`) VALUES ('20130313145550')
Migrating to ChangeNameAttachment (20130712155126)
  [1m[36m (4.5ms)[0m  [1mDROP TABLE `images`[0m
  [1m[35m (1.4ms)[0m  INSERT INTO `schema_migrations` (`version`) VALUES ('20130712155126')
Migrating to CreateNewImageTableWithCorrectConfig (20130712161206)
  [1m[36m (12.5ms)[0m  [1mCREATE TABLE `images` (`id` int(11) DEFAULT NULL auto_increment PRIMARY KEY, `works_id` int(11), `file_file_name` varchar(255), `file_content_type` varchar(255), `file_file_size` int(11), `file_updated_at` datetime, `created_at` datetime NOT NULL, `updated_at` datetime NOT NULL) ENGINE=InnoDB[0m
  [1m[35m (0.7ms)[0m  INSERT INTO `schema_migrations` (`version`) VALUES ('20130712161206')
Migrating to DropDbImagesForModification (20130712162643)
  [1m[36m (3.1ms)[0m  [1mDROP TABLE `images`[0m
  [1m[35m (2.9ms)[0m  INSERT INTO `schema_migrations` (`version`) VALUES ('20130712162643')
Migrating to CreateNewImageTableWithCorrectConfig2 (20130712162758)
  [1m[36m (18.1ms)[0m  [1mCREATE TABLE `images` (`id` int(11) DEFAULT NULL auto_increment PRIMARY KEY, `work_id` int(11), `file_file_name` varchar(255), `file_content_type` varchar(255), `file_file_size` int(11), `file_updated_at` datetime, `created_at` datetime NOT NULL, `updated_at` datetime NOT NULL) ENGINE=InnoDB[0m
  [1m[35m (1.0ms)[0m  INSERT INTO `schema_migrations` (`version`) VALUES ('20130712162758')
Migrating to InsertCoverImageFieldImages (20130716151037)
  [1m[36m (18.7ms)[0m  [1mALTER TABLE `images` ADD `cover` tinyint(1) DEFAULT 0[0m
  [1m[35m (0.9ms)[0m  INSERT INTO `schema_migrations` (`version`) VALUES ('20130716151037')
  [1m[36m (0.2ms)[0m  [1mSELECT `schema_migrations`.`version` FROM `schema_migrations` [0m
Connecting to database specified by database.yml


Started GET "/" for 127.0.0.1 at 2013-08-05 12:17:41 -0300
Processing by WorksController#index as HTML
  [1m[36mWork Load (0.2ms)[0m  [1mSELECT `works`.* FROM `works` [0m
  Rendered shared/_navigation.html.haml (3.8ms)
  Rendered works/index.html.haml within layouts/application (19.8ms)
Compiled bootstrap.css  (3168ms)  (pid 695)
Compiled bootstrap-responsive.css  (534ms)  (pid 695)
Compiled bxslider.css  (0ms)  (pid 695)
Compiled styles.css  (42ms)  (pid 695)
Compiled works.css  (10ms)  (pid 695)
Compiled navbar.css  (14ms)  (pid 695)
Compiled queries.css  (4ms)  (pid 695)
Compiled application.css  (3927ms)  (pid 695)
Compiled jquery.js  (44ms)  (pid 695)
Compiled jquery_ujs.js  (0ms)  (pid 695)
Compiled jquery.bxslider.js  (0ms)  (pid 695)
Compiled jquery.easing.1.3.js  (0ms)  (pid 695)
Compiled jquery.fitvids.js  (0ms)  (pid 695)
Compiled bxslider.js  (69ms)  (pid 695)
Compiled jquery-ui.js  (7ms)  (pid 695)
Compiled active_admin/lib/namespace.js  (143ms)  (pid 695)
Compiled active_admin/components/jquery.aa.checkbox-toggler.js  (163ms)  (pid 695)
Compiled active_admin/components/jquery.aa.dropdown-menu.js  (102ms)  (pid 695)
Compiled active_admin/components/jquery.aa.popover.js  (155ms)  (pid 695)
Compiled active_admin/components/jquery.aa.table-checkbox-toggler.js  (73ms)  (pid 695)
Compiled active_admin/pages/application.js  (62ms)  (pid 695)
Compiled active_admin/pages/batch_actions.js  (67ms)  (pid 695)
Compiled active_admin/application.js  (887ms)  (pid 695)
Compiled active_admin/base.js  (968ms)  (pid 695)
Compiled active_admin.js  (979ms)  (pid 695)
Compiled bootstrap-scrollspy.js  (0ms)  (pid 695)
Compiled magic.js  (0ms)  (pid 695)
Compiled moonCalculator.js  (0ms)  (pid 695)
Compiled moonPhase.js  (142ms)  (pid 695)
Compiled nav.js  (0ms)  (pid 695)
Compiled over.js  (0ms)  (pid 695)
Compiled plusanchor.js  (0ms)  (pid 695)
Compiled queryLoader.js  (0ms)  (pid 695)
Compiled sectionHeight.js  (0ms)  (pid 695)
Compiled thumbnailsWidth.js  (0ms)  (pid 695)
Compiled works.js  (97ms)  (pid 695)
Compiled bootstrap-transition.js  (0ms)  (pid 695)
Compiled bootstrap-affix.js  (0ms)  (pid 695)
Compiled bootstrap-alert.js  (0ms)  (pid 695)
Compiled bootstrap-button.js  (0ms)  (pid 695)
Compiled bootstrap-carousel.js  (0ms)  (pid 695)
Compiled bootstrap-collapse.js  (0ms)  (pid 695)
Compiled bootstrap-dropdown.js  (0ms)  (pid 695)
Compiled bootstrap-modal.js  (0ms)  (pid 695)
Compiled bootstrap-tab.js  (0ms)  (pid 695)
Compiled bootstrap-tooltip.js  (0ms)  (pid 695)
Compiled bootstrap-popover.js  (0ms)  (pid 695)
Compiled bootstrap-typeahead.js  (0ms)  (pid 695)
Compiled bootstrap.js  (198ms)  (pid 695)
Compiled application.js  (1783ms)  (pid 695)
Completed 200 OK in 6104ms (Views: 6050.3ms | ActiveRecord: 1.5ms)

ActionController::RoutingError (No route matches [GET] "/assets/DINPro-Regular.woff"):
  actionpack (3.2.11) lib/action_dispatch/middleware/debug_exceptions.rb:21:in `call'
  actionpack (3.2.11) lib/action_dispatch/middleware/show_exceptions.rb:56:in `call'
  railties (3.2.11) lib/rails/rack/logger.rb:32:in `call_app'
  railties (3.2.11) lib/rails/rack/logger.rb:16:in `block in call'
  activesupport (3.2.11) lib/active_support/tagged_logging.rb:22:in `tagged'
  railties (3.2.11) lib/rails/rack/logger.rb:16:in `call'
  quiet_assets (1.0.2) lib/quiet_assets.rb:18:in `call_with_quiet_assets'
  actionpack (3.2.11) lib/action_dispatch/middleware/request_id.rb:22:in `call'
  rack (1.4.5) lib/rack/methodoverride.rb:21:in `call'
  rack (1.4.5) lib/rack/runtime.rb:17:in `call'
  activesupport (3.2.11) lib/active_support/cache/strategy/local_cache.rb:72:in `call'
  rack (1.4.5) lib/rack/lock.rb:15:in `call'
  actionpack (3.2.11) lib/action_dispatch/middleware/static.rb:62:in `call'
  railties (3.2.11) lib/rails/engine.rb:479:in `call'
  railties (3.2.11) lib/rails/application.rb:223:in `call'
  rack (1.4.5) lib/rack/content_length.rb:14:in `call'
  railties (3.2.11) lib/rails/rack/log_tailer.rb:17:in `call'
  rack (1.4.5) lib/rack/handler/webrick.rb:59:in `service'
  /Users/juandel/.rvm/rubies/ruby-1.9.3-p448/lib/ruby/1.9.1/webrick/httpserver.rb:138:in `service'
  /Users/juandel/.rvm/rubies/ruby-1.9.3-p448/lib/ruby/1.9.1/webrick/httpserver.rb:94:in `run'
  /Users/juandel/.rvm/rubies/ruby-1.9.3-p448/lib/ruby/1.9.1/webrick/server.rb:191:in `block in start_thread'



ActionController::RoutingError (No route matches [GET] "/assets/DINPro-Bold.woff"):
  actionpack (3.2.11) lib/action_dispatch/middleware/debug_exceptions.rb:21:in `call'
  actionpack (3.2.11) lib/action_dispatch/middleware/show_exceptions.rb:56:in `call'
  railties (3.2.11) lib/rails/rack/logger.rb:32:in `call_app'
  railties (3.2.11) lib/rails/rack/logger.rb:16:in `block in call'
  activesupport (3.2.11) lib/active_support/tagged_logging.rb:22:in `tagged'
  railties (3.2.11) lib/rails/rack/logger.rb:16:in `call'
  quiet_assets (1.0.2) lib/quiet_assets.rb:18:in `call_with_quiet_assets'
  actionpack (3.2.11) lib/action_dispatch/middleware/request_id.rb:22:in `call'
  rack (1.4.5) lib/rack/methodoverride.rb:21:in `call'
  rack (1.4.5) lib/rack/runtime.rb:17:in `call'
  activesupport (3.2.11) lib/active_support/cache/strategy/local_cache.rb:72:in `call'
  rack (1.4.5) lib/rack/lock.rb:15:in `call'
  actionpack (3.2.11) lib/action_dispatch/middleware/static.rb:62:in `call'
  railties (3.2.11) lib/rails/engine.rb:479:in `call'
  railties (3.2.11) lib/rails/application.rb:223:in `call'
  rack (1.4.5) lib/rack/content_length.rb:14:in `call'
  railties (3.2.11) lib/rails/rack/log_tailer.rb:17:in `call'
  rack (1.4.5) lib/rack/handler/webrick.rb:59:in `service'
  /Users/juandel/.rvm/rubies/ruby-1.9.3-p448/lib/ruby/1.9.1/webrick/httpserver.rb:138:in `service'
  /Users/juandel/.rvm/rubies/ruby-1.9.3-p448/lib/ruby/1.9.1/webrick/httpserver.rb:94:in `run'
  /Users/juandel/.rvm/rubies/ruby-1.9.3-p448/lib/ruby/1.9.1/webrick/server.rb:191:in `block in start_thread'



ActionController::RoutingError (No route matches [GET] "/assets/DINPro-Light.woff"):
  actionpack (3.2.11) lib/action_dispatch/middleware/debug_exceptions.rb:21:in `call'
  actionpack (3.2.11) lib/action_dispatch/middleware/show_exceptions.rb:56:in `call'
  railties (3.2.11) lib/rails/rack/logger.rb:32:in `call_app'
  railties (3.2.11) lib/rails/rack/logger.rb:16:in `block in call'
  activesupport (3.2.11) lib/active_support/tagged_logging.rb:22:in `tagged'
  railties (3.2.11) lib/rails/rack/logger.rb:16:in `call'
  quiet_assets (1.0.2) lib/quiet_assets.rb:18:in `call_with_quiet_assets'
  actionpack (3.2.11) lib/action_dispatch/middleware/request_id.rb:22:in `call'
  rack (1.4.5) lib/rack/methodoverride.rb:21:in `call'
  rack (1.4.5) lib/rack/runtime.rb:17:in `call'
  activesupport (3.2.11) lib/active_support/cache/strategy/local_cache.rb:72:in `call'
  rack (1.4.5) lib/rack/lock.rb:15:in `call'
  actionpack (3.2.11) lib/action_dispatch/middleware/static.rb:62:in `call'
  railties (3.2.11) lib/rails/engine.rb:479:in `call'
  railties (3.2.11) lib/rails/application.rb:223:in `call'
  rack (1.4.5) lib/rack/content_length.rb:14:in `call'
  railties (3.2.11) lib/rails/rack/log_tailer.rb:17:in `call'
  rack (1.4.5) lib/rack/handler/webrick.rb:59:in `service'
  /Users/juandel/.rvm/rubies/ruby-1.9.3-p448/lib/ruby/1.9.1/webrick/httpserver.rb:138:in `service'
  /Users/juandel/.rvm/rubies/ruby-1.9.3-p448/lib/ruby/1.9.1/webrick/httpserver.rb:94:in `run'
  /Users/juandel/.rvm/rubies/ruby-1.9.3-p448/lib/ruby/1.9.1/webrick/server.rb:191:in `block in start_thread'




Started GET "/works" for 127.0.0.1 at 2013-08-05 12:18:01 -0300
Processing by WorksController#index as HTML
  [1m[35mWork Load (0.3ms)[0m  SELECT `works`.* FROM `works` 
  Rendered shared/_navigation.html.haml (1.1ms)
  Rendered works/index.html.haml within layouts/application (2.6ms)
Completed 200 OK in 25ms (Views: 23.6ms | ActiveRecord: 0.3ms)


Started GET "/works" for 127.0.0.1 at 2013-08-05 12:18:02 -0300
Processing by WorksController#index as HTML
  [1m[36mWork Load (0.3ms)[0m  [1mSELECT `works`.* FROM `works` [0m
  Rendered shared/_navigation.html.haml (1.2ms)
  Rendered works/index.html.haml within layouts/application (3.2ms)
Completed 200 OK in 28ms (Views: 27.0ms | ActiveRecord: 0.3ms)


Started GET "/works" for 127.0.0.1 at 2013-08-05 12:18:03 -0300
Processing by WorksController#index as HTML
  [1m[35mWork Load (0.3ms)[0m  SELECT `works`.* FROM `works` 
  Rendered shared/_navigation.html.haml (1.1ms)
  Rendered works/index.html.haml within layouts/application (3.1ms)
Completed 200 OK in 74ms (Views: 72.7ms | ActiveRecord: 0.3ms)


Started GET "/works" for 127.0.0.1 at 2013-08-05 12:18:05 -0300
Processing by WorksController#index as HTML
  [1m[36mWork Load (0.3ms)[0m  [1mSELECT `works`.* FROM `works` [0m
  Rendered shared/_navigation.html.haml (0.9ms)
  Rendered works/index.html.haml within layouts/application (2.3ms)
Completed 200 OK in 24ms (Views: 22.4ms | ActiveRecord: 0.3ms)


Started GET "/works" for 127.0.0.1 at 2013-08-05 12:18:06 -0300
Processing by WorksController#index as HTML
  [1m[35mWork Load (0.3ms)[0m  SELECT `works`.* FROM `works` 
  Rendered shared/_navigation.html.haml (0.9ms)
  Rendered works/index.html.haml within layouts/application (2.2ms)
Completed 200 OK in 25ms (Views: 23.4ms | ActiveRecord: 0.3ms)


Started GET "/works" for 127.0.0.1 at 2013-08-05 12:18:07 -0300
Processing by WorksController#index as HTML
  [1m[36mWork Load (0.3ms)[0m  [1mSELECT `works`.* FROM `works` [0m
  Rendered shared/_navigation.html.haml (0.9ms)
  Rendered works/index.html.haml within layouts/application (2.2ms)
Completed 200 OK in 26ms (Views: 24.2ms | ActiveRecord: 0.3ms)


Started GET "/works" for 127.0.0.1 at 2013-08-05 12:18:07 -0300
Processing by WorksController#index as HTML
  [1m[35mWork Load (0.3ms)[0m  SELECT `works`.* FROM `works` 
  Rendered shared/_navigation.html.haml (1.9ms)
  Rendered works/index.html.haml within layouts/application (4.2ms)
Completed 200 OK in 36ms (Views: 34.5ms | ActiveRecord: 0.3ms)


Started GET "/works" for 127.0.0.1 at 2013-08-05 12:18:09 -0300
Processing by WorksController#index as HTML
  [1m[36mWork Load (0.3ms)[0m  [1mSELECT `works`.* FROM `works` [0m
  Rendered shared/_navigation.html.haml (0.9ms)
  Rendered works/index.html.haml within layouts/application (2.4ms)
Completed 200 OK in 24ms (Views: 23.3ms | ActiveRecord: 0.3ms)


Started GET "/works" for 127.0.0.1 at 2013-08-05 12:18:10 -0300
Processing by WorksController#index as HTML
  [1m[35mWork Load (0.3ms)[0m  SELECT `works`.* FROM `works` 
  Rendered shared/_navigation.html.haml (1.0ms)
  Rendered works/index.html.haml within layouts/application (2.5ms)
Completed 200 OK in 26ms (Views: 24.5ms | ActiveRecord: 0.3ms)


Started GET "/works" for 127.0.0.1 at 2013-08-05 12:18:11 -0300
Processing by WorksController#index as HTML
  [1m[36mWork Load (0.3ms)[0m  [1mSELECT `works`.* FROM `works` [0m
  Rendered shared/_navigation.html.haml (1.0ms)
  Rendered works/index.html.haml within layouts/application (2.7ms)
Completed 200 OK in 76ms (Views: 74.8ms | ActiveRecord: 0.3ms)


Started GET "/works" for 127.0.0.1 at 2013-08-05 12:18:12 -0300
Processing by WorksController#index as HTML
  [1m[35mWork Load (0.3ms)[0m  SELECT `works`.* FROM `works` 
  Rendered shared/_navigation.html.haml (1.3ms)
  Rendered works/index.html.haml within layouts/application (2.9ms)
Completed 200 OK in 26ms (Views: 24.4ms | ActiveRecord: 0.3ms)


Started GET "/works" for 127.0.0.1 at 2013-08-05 12:18:14 -0300
Processing by WorksController#index as HTML
  [1m[36mWork Load (0.4ms)[0m  [1mSELECT `works`.* FROM `works` [0m
  Rendered shared/_navigation.html.haml (0.9ms)
  Rendered works/index.html.haml within layouts/application (2.3ms)
Completed 200 OK in 24ms (Views: 22.4ms | ActiveRecord: 0.4ms)


Started GET "/works" for 127.0.0.1 at 2013-08-05 12:18:16 -0300
Processing by WorksController#index as HTML
  [1m[35mWork Load (0.3ms)[0m  SELECT `works`.* FROM `works` 
  Rendered shared/_navigation.html.haml (0.9ms)
  Rendered works/index.html.haml within layouts/application (2.2ms)
Completed 200 OK in 24ms (Views: 22.7ms | ActiveRecord: 0.3ms)


Started GET "/works" for 127.0.0.1 at 2013-08-05 12:18:17 -0300
Processing by WorksController#index as HTML
  [1m[36mWork Load (0.3ms)[0m  [1mSELECT `works`.* FROM `works` [0m
  Rendered shared/_navigation.html.haml (0.9ms)
  Rendered works/index.html.haml within layouts/application (2.3ms)
Completed 200 OK in 24ms (Views: 22.5ms | ActiveRecord: 0.3ms)


Started GET "/works" for 127.0.0.1 at 2013-08-05 12:18:19 -0300
Processing by WorksController#index as HTML
  [1m[35mWork Load (0.3ms)[0m  SELECT `works`.* FROM `works` 
  Rendered shared/_navigation.html.haml (1.2ms)
  Rendered works/index.html.haml within layouts/application (2.8ms)
Completed 200 OK in 25ms (Views: 23.7ms | ActiveRecord: 0.3ms)


Started GET "/works" for 127.0.0.1 at 2013-08-05 12:18:20 -0300
Processing by WorksController#index as HTML
  [1m[36mWork Load (0.4ms)[0m  [1mSELECT `works`.* FROM `works` [0m
  Rendered shared/_navigation.html.haml (0.9ms)
  Rendered works/index.html.haml within layouts/application (2.2ms)
Completed 200 OK in 24ms (Views: 22.1ms | ActiveRecord: 0.4ms)


Started GET "/works" for 127.0.0.1 at 2013-08-05 12:53:04 -0300
Processing by WorksController#index as HTML
  [1m[35mWork Load (0.3ms)[0m  SELECT `works`.* FROM `works` 
  Rendered shared/_navigation.html.haml (0.9ms)
  Rendered works/index.html.haml within layouts/application (2.5ms)
Completed 200 OK in 24ms (Views: 22.8ms | ActiveRecord: 0.3ms)


Started GET "/works" for 127.0.0.1 at 2013-08-05 12:53:56 -0300
Processing by WorksController#index as HTML
  [1m[36mWork Load (0.3ms)[0m  [1mSELECT `works`.* FROM `works` [0m
  Rendered shared/_navigation.html.haml (0.9ms)
  Rendered works/index.html.haml within layouts/application (2.2ms)
Completed 200 OK in 24ms (Views: 22.9ms | ActiveRecord: 0.3ms)


Started GET "/works" for 127.0.0.1 at 2013-08-05 12:54:05 -0300
Processing by WorksController#index as HTML
  [1m[35mWork Load (0.3ms)[0m  SELECT `works`.* FROM `works` 
  Rendered shared/_navigation.html.haml (0.9ms)
  Rendered works/index.html.haml within layouts/application (2.3ms)
Completed 200 OK in 24ms (Views: 22.9ms | ActiveRecord: 0.3ms)


Started GET "/works" for 127.0.0.1 at 2013-08-05 12:54:10 -0300
Processing by WorksController#index as HTML
  [1m[36mWork Load (0.3ms)[0m  [1mSELECT `works`.* FROM `works` [0m
  Rendered shared/_navigation.html.haml (0.9ms)
  Rendered works/index.html.haml within layouts/application (2.3ms)
Completed 200 OK in 25ms (Views: 23.9ms | ActiveRecord: 0.3ms)
Connecting to database specified by database.yml


Started GET "/" for 127.0.0.1 at 2013-08-06 12:29:45 -0300
Processing by WorksController#index as HTML
  [1m[36mWork Load (0.6ms)[0m  [1mSELECT `works`.* FROM `works` [0m
  Rendered shared/_navigation.html.haml (4.6ms)
  Rendered works/index.html.haml within layouts/application (21.3ms)
Completed 200 OK in 379ms (Views: 309.1ms | ActiveRecord: 4.6ms)

ActionController::RoutingError (No route matches [GET] "/assets/DINPro-Light.woff"):
  actionpack (3.2.11) lib/action_dispatch/middleware/debug_exceptions.rb:21:in `call'
  actionpack (3.2.11) lib/action_dispatch/middleware/show_exceptions.rb:56:in `call'
  railties (3.2.11) lib/rails/rack/logger.rb:32:in `call_app'
  railties (3.2.11) lib/rails/rack/logger.rb:16:in `block in call'
  activesupport (3.2.11) lib/active_support/tagged_logging.rb:22:in `tagged'
  railties (3.2.11) lib/rails/rack/logger.rb:16:in `call'
  quiet_assets (1.0.2) lib/quiet_assets.rb:18:in `call_with_quiet_assets'
  actionpack (3.2.11) lib/action_dispatch/middleware/request_id.rb:22:in `call'
  rack (1.4.5) lib/rack/methodoverride.rb:21:in `call'
  rack (1.4.5) lib/rack/runtime.rb:17:in `call'
  activesupport (3.2.11) lib/active_support/cache/strategy/local_cache.rb:72:in `call'
  rack (1.4.5) lib/rack/lock.rb:15:in `call'
  actionpack (3.2.11) lib/action_dispatch/middleware/static.rb:62:in `call'
  railties (3.2.11) lib/rails/engine.rb:479:in `call'
  railties (3.2.11) lib/rails/application.rb:223:in `call'
  rack (1.4.5) lib/rack/content_length.rb:14:in `call'
  railties (3.2.11) lib/rails/rack/log_tailer.rb:17:in `call'
  rack (1.4.5) lib/rack/handler/webrick.rb:59:in `service'
  /Users/juandel/.rvm/rubies/ruby-1.9.3-p448/lib/ruby/1.9.1/webrick/httpserver.rb:138:in `service'
  /Users/juandel/.rvm/rubies/ruby-1.9.3-p448/lib/ruby/1.9.1/webrick/httpserver.rb:94:in `run'
  /Users/juandel/.rvm/rubies/ruby-1.9.3-p448/lib/ruby/1.9.1/webrick/server.rb:191:in `block in start_thread'



ActionController::RoutingError (No route matches [GET] "/assets/DINPro-Bold.woff"):
  actionpack (3.2.11) lib/action_dispatch/middleware/debug_exceptions.rb:21:in `call'
  actionpack (3.2.11) lib/action_dispatch/middleware/show_exceptions.rb:56:in `call'
  railties (3.2.11) lib/rails/rack/logger.rb:32:in `call_app'
  railties (3.2.11) lib/rails/rack/logger.rb:16:in `block in call'
  activesupport (3.2.11) lib/active_support/tagged_logging.rb:22:in `tagged'
  railties (3.2.11) lib/rails/rack/logger.rb:16:in `call'
  quiet_assets (1.0.2) lib/quiet_assets.rb:18:in `call_with_quiet_assets'
  actionpack (3.2.11) lib/action_dispatch/middleware/request_id.rb:22:in `call'
  rack (1.4.5) lib/rack/methodoverride.rb:21:in `call'
  rack (1.4.5) lib/rack/runtime.rb:17:in `call'
  activesupport (3.2.11) lib/active_support/cache/strategy/local_cache.rb:72:in `call'
  rack (1.4.5) lib/rack/lock.rb:15:in `call'
  actionpack (3.2.11) lib/action_dispatch/middleware/static.rb:62:in `call'
  railties (3.2.11) lib/rails/engine.rb:479:in `call'
  railties (3.2.11) lib/rails/application.rb:223:in `call'
  rack (1.4.5) lib/rack/content_length.rb:14:in `call'
  railties (3.2.11) lib/rails/rack/log_tailer.rb:17:in `call'
  rack (1.4.5) lib/rack/handler/webrick.rb:59:in `service'
  /Users/juandel/.rvm/rubies/ruby-1.9.3-p448/lib/ruby/1.9.1/webrick/httpserver.rb:138:in `service'
  /Users/juandel/.rvm/rubies/ruby-1.9.3-p448/lib/ruby/1.9.1/webrick/httpserver.rb:94:in `run'
  /Users/juandel/.rvm/rubies/ruby-1.9.3-p448/lib/ruby/1.9.1/webrick/server.rb:191:in `block in start_thread'



ActionController::RoutingError (No route matches [GET] "/assets/DINPro-Regular.woff"):
  actionpack (3.2.11) lib/action_dispatch/middleware/debug_exceptions.rb:21:in `call'
  actionpack (3.2.11) lib/action_dispatch/middleware/show_exceptions.rb:56:in `call'
  railties (3.2.11) lib/rails/rack/logger.rb:32:in `call_app'
  railties (3.2.11) lib/rails/rack/logger.rb:16:in `block in call'
  activesupport (3.2.11) lib/active_support/tagged_logging.rb:22:in `tagged'
  railties (3.2.11) lib/rails/rack/logger.rb:16:in `call'
  quiet_assets (1.0.2) lib/quiet_assets.rb:18:in `call_with_quiet_assets'
  actionpack (3.2.11) lib/action_dispatch/middleware/request_id.rb:22:in `call'
  rack (1.4.5) lib/rack/methodoverride.rb:21:in `call'
  rack (1.4.5) lib/rack/runtime.rb:17:in `call'
  activesupport (3.2.11) lib/active_support/cache/strategy/local_cache.rb:72:in `call'
  rack (1.4.5) lib/rack/lock.rb:15:in `call'
  actionpack (3.2.11) lib/action_dispatch/middleware/static.rb:62:in `call'
  railties (3.2.11) lib/rails/engine.rb:479:in `call'
  railties (3.2.11) lib/rails/application.rb:223:in `call'
  rack (1.4.5) lib/rack/content_length.rb:14:in `call'
  railties (3.2.11) lib/rails/rack/log_tailer.rb:17:in `call'
  rack (1.4.5) lib/rack/handler/webrick.rb:59:in `service'
  /Users/juandel/.rvm/rubies/ruby-1.9.3-p448/lib/ruby/1.9.1/webrick/httpserver.rb:138:in `service'
  /Users/juandel/.rvm/rubies/ruby-1.9.3-p448/lib/ruby/1.9.1/webrick/httpserver.rb:94:in `run'
  /Users/juandel/.rvm/rubies/ruby-1.9.3-p448/lib/ruby/1.9.1/webrick/server.rb:191:in `block in start_thread'




Started GET "/works" for 127.0.0.1 at 2013-08-06 12:30:25 -0300
Processing by WorksController#index as HTML
  [1m[35mWork Load (0.3ms)[0m  SELECT `works`.* FROM `works` 
  Rendered shared/_navigation.html.haml (0.9ms)
  Rendered works/index.html.haml within layouts/application (2.3ms)
Completed 200 OK in 86ms (Views: 84.2ms | ActiveRecord: 0.3ms)

ActionController::RoutingError (No route matches [GET] "/assets/DINPro-Light.woff"):
  actionpack (3.2.11) lib/action_dispatch/middleware/debug_exceptions.rb:21:in `call'
  actionpack (3.2.11) lib/action_dispatch/middleware/show_exceptions.rb:56:in `call'
  railties (3.2.11) lib/rails/rack/logger.rb:32:in `call_app'
  railties (3.2.11) lib/rails/rack/logger.rb:16:in `block in call'
  activesupport (3.2.11) lib/active_support/tagged_logging.rb:22:in `tagged'
  railties (3.2.11) lib/rails/rack/logger.rb:16:in `call'
  quiet_assets (1.0.2) lib/quiet_assets.rb:18:in `call_with_quiet_assets'
  actionpack (3.2.11) lib/action_dispatch/middleware/request_id.rb:22:in `call'
  rack (1.4.5) lib/rack/methodoverride.rb:21:in `call'
  rack (1.4.5) lib/rack/runtime.rb:17:in `call'
  activesupport (3.2.11) lib/active_support/cache/strategy/local_cache.rb:72:in `call'
  rack (1.4.5) lib/rack/lock.rb:15:in `call'
  actionpack (3.2.11) lib/action_dispatch/middleware/static.rb:62:in `call'
  railties (3.2.11) lib/rails/engine.rb:479:in `call'
  railties (3.2.11) lib/rails/application.rb:223:in `call'
  rack (1.4.5) lib/rack/content_length.rb:14:in `call'
  railties (3.2.11) lib/rails/rack/log_tailer.rb:17:in `call'
  rack (1.4.5) lib/rack/handler/webrick.rb:59:in `service'
  /Users/juandel/.rvm/rubies/ruby-1.9.3-p448/lib/ruby/1.9.1/webrick/httpserver.rb:138:in `service'
  /Users/juandel/.rvm/rubies/ruby-1.9.3-p448/lib/ruby/1.9.1/webrick/httpserver.rb:94:in `run'
  /Users/juandel/.rvm/rubies/ruby-1.9.3-p448/lib/ruby/1.9.1/webrick/server.rb:191:in `block in start_thread'



ActionController::RoutingError (No route matches [GET] "/assets/DINPro-Regular.woff"):
  actionpack (3.2.11) lib/action_dispatch/middleware/debug_exceptions.rb:21:in `call'
  actionpack (3.2.11) lib/action_dispatch/middleware/show_exceptions.rb:56:in `call'
  railties (3.2.11) lib/rails/rack/logger.rb:32:in `call_app'
  railties (3.2.11) lib/rails/rack/logger.rb:16:in `block in call'
  activesupport (3.2.11) lib/active_support/tagged_logging.rb:22:in `tagged'
  railties (3.2.11) lib/rails/rack/logger.rb:16:in `call'
  quiet_assets (1.0.2) lib/quiet_assets.rb:18:in `call_with_quiet_assets'
  actionpack (3.2.11) lib/action_dispatch/middleware/request_id.rb:22:in `call'
  rack (1.4.5) lib/rack/methodoverride.rb:21:in `call'
  rack (1.4.5) lib/rack/runtime.rb:17:in `call'
  activesupport (3.2.11) lib/active_support/cache/strategy/local_cache.rb:72:in `call'
  rack (1.4.5) lib/rack/lock.rb:15:in `call'
  actionpack (3.2.11) lib/action_dispatch/middleware/static.rb:62:in `call'
  railties (3.2.11) lib/rails/engine.rb:479:in `call'
  railties (3.2.11) lib/rails/application.rb:223:in `call'
  rack (1.4.5) lib/rack/content_length.rb:14:in `call'
  railties (3.2.11) lib/rails/rack/log_tailer.rb:17:in `call'
  rack (1.4.5) lib/rack/handler/webrick.rb:59:in `service'
  /Users/juandel/.rvm/rubies/ruby-1.9.3-p448/lib/ruby/1.9.1/webrick/httpserver.rb:138:in `service'
  /Users/juandel/.rvm/rubies/ruby-1.9.3-p448/lib/ruby/1.9.1/webrick/httpserver.rb:94:in `run'
  /Users/juandel/.rvm/rubies/ruby-1.9.3-p448/lib/ruby/1.9.1/webrick/server.rb:191:in `block in start_thread'



ActionController::RoutingError (No route matches [GET] "/assets/DINPro-Bold.woff"):
  actionpack (3.2.11) lib/action_dispatch/middleware/debug_exceptions.rb:21:in `call'
  actionpack (3.2.11) lib/action_dispatch/middleware/show_exceptions.rb:56:in `call'
  railties (3.2.11) lib/rails/rack/logger.rb:32:in `call_app'
  railties (3.2.11) lib/rails/rack/logger.rb:16:in `block in call'
  activesupport (3.2.11) lib/active_support/tagged_logging.rb:22:in `tagged'
  railties (3.2.11) lib/rails/rack/logger.rb:16:in `call'
  quiet_assets (1.0.2) lib/quiet_assets.rb:18:in `call_with_quiet_assets'
  actionpack (3.2.11) lib/action_dispatch/middleware/request_id.rb:22:in `call'
  rack (1.4.5) lib/rack/methodoverride.rb:21:in `call'
  rack (1.4.5) lib/rack/runtime.rb:17:in `call'
  activesupport (3.2.11) lib/active_support/cache/strategy/local_cache.rb:72:in `call'
  rack (1.4.5) lib/rack/lock.rb:15:in `call'
  actionpack (3.2.11) lib/action_dispatch/middleware/static.rb:62:in `call'
  railties (3.2.11) lib/rails/engine.rb:479:in `call'
  railties (3.2.11) lib/rails/application.rb:223:in `call'
  rack (1.4.5) lib/rack/content_length.rb:14:in `call'
  railties (3.2.11) lib/rails/rack/log_tailer.rb:17:in `call'
  rack (1.4.5) lib/rack/handler/webrick.rb:59:in `service'
  /Users/juandel/.rvm/rubies/ruby-1.9.3-p448/lib/ruby/1.9.1/webrick/httpserver.rb:138:in `service'
  /Users/juandel/.rvm/rubies/ruby-1.9.3-p448/lib/ruby/1.9.1/webrick/httpserver.rb:94:in `run'
  /Users/juandel/.rvm/rubies/ruby-1.9.3-p448/lib/ruby/1.9.1/webrick/server.rb:191:in `block in start_thread'


